<?xml version="1.0" encoding="UTF-8"?>
<!-- Generated by org.testng.reporters.JUnitReportReporter -->
<testsuite skipped="0" hostname="cvdi0w820001292" name="com.inav.test.CreateTroublecall" tests="1" failures="0" timestamp="2020-04-21T20:23:12 IST" time="258.000" errors="0">
  <testcase name="verifyCreateTrouble" time="258.000" classname="com.inav.test.CreateTroublecall"/>
  <system-out>
TC Work Order 39503051 was successfully created.  </system-out>
</testsuite> <!-- com.inav.test.CreateTroublecall -->
