<?xml version="1.0" encoding="UTF-8"?>
<!-- Generated by org.testng.reporters.JUnitReportReporter -->
<testsuite skipped="0" hostname="cvdi1w820001226" name="J2.Framework" tests="1" failures="0" timestamp="2020-04-09T18:07:32 IST" time="6.304" errors="0">
  <testcase name="login" time="6.304" classname="J2.Framework"/>
  <system-out/>
</testsuite> <!-- J2.Framework -->
