<?xml version="1.0" encoding="UTF-8"?>
<!-- Generated by org.testng.reporters.JUnitReportReporter -->
<testsuite skipped="0" hostname="cvdi1w820001226" name="com.inav.test.VeriFyLogin" tests="1" failures="0" timestamp="2020-04-10T00:19:15 IST" time="16.426" errors="0">
  <testcase name="verifylogin" time="16.426" classname="com.inav.test.VeriFyLogin"/>
  <system-out/>
</testsuite> <!-- com.inav.test.VeriFyLogin -->
