<?xml version="1.0" encoding="UTF-8"?>
<!-- Generated by org.testng.reporters.JUnitReportReporter -->
<testsuite skipped="0" hostname="cvdi0w820001047" name="com.inav.test.CraeteSRO" tests="1" failures="0" timestamp="2020-04-10T12:20:20 IST" time="366.946" errors="0">
  <testcase name="verifyCreateSRO" time="366.946" classname="com.inav.test.CraeteSRO"/>
  <system-out/>
</testsuite> <!-- com.inav.test.CraeteSRO -->
