<?xml version="1.0" encoding="UTF-8"?>
<!-- Generated by org.testng.reporters.JUnitReportReporter -->
<testsuite skipped="0" hostname="cvdi1w820001161" name="com.inav.test.CreateSRO" tests="1" failures="0" timestamp="2020-04-21T15:06:41 IST" time="188.966" errors="0">
  <testcase name="verifyCreateSRO" time="188.966" classname="com.inav.test.CreateSRO"/>
  <system-out>
  </system-out>
</testsuite> <!-- com.inav.test.CreateSRO -->
